C:\DISTRIB\OPENCVFON\FON2\DEBUG\VC110.PDB
C:\DISTRIB\OPENCVFON\FON2\DEBUG\FON2.PCH
C:\DISTRIB\OPENCVFON\FON2\DEBUG\STDAFX.OBJ
C:\DISTRIB\OPENCVFON\FON2\DEBUG\FON2.OBJ
C:\distrib\OpenCVfon\fon2\Debug\fon2.obj
C:\distrib\OpenCVfon\fon2\Debug\stdafx.obj
C:\distrib\OpenCVfon\fon2\Debug\cl.command.1.tlog
C:\distrib\OpenCVfon\fon2\Debug\CL.read.1.tlog
C:\distrib\OpenCVfon\fon2\Debug\CL.write.1.tlog
C:\distrib\OpenCVfon\fon2\Debug\link-cvtres.read.1.tlog
C:\distrib\OpenCVfon\fon2\Debug\link-cvtres.write.1.tlog
C:\distrib\OpenCVfon\fon2\Debug\link-rc.read.1.tlog
C:\distrib\OpenCVfon\fon2\Debug\link-rc.write.1.tlog
C:\distrib\OpenCVfon\fon2\Debug\link.command.1.tlog
C:\distrib\OpenCVfon\fon2\Debug\link.read.1.tlog
C:\distrib\OpenCVfon\fon2\Debug\link.write.1.tlog
C:\distrib\OpenCVfon\fon2\Debug\fon2.pch
C:\distrib\OpenCVfon\fon2\Debug\vc110.idb
C:\distrib\OpenCVfon\fon2\Debug\fon2.pdb
C:\distrib\OpenCVfon\fon2\Debug\vc110.pdb
