C:\DISTRIB\OPENCVFON\FON2\X64\DEBUG\FON2.PCH
C:\DISTRIB\OPENCVFON\FON2\X64\DEBUG\STDAFX.OBJ
C:\DISTRIB\OPENCVFON\FON2\X64\DEBUG\VC110.PDB
C:\DISTRIB\OPENCVFON\FON2\X64\DEBUG\FON2.OBJ
C:\DISTRIB\OPENCVFON\FON2\X64\DEBUG\FON2.ILK
C:\DISTRIB\OPENCVFON\FON2\X64\DEBUG\FON2.EXE
C:\DISTRIB\OPENCVFON\FON2\X64\DEBUG\FON2.PDB
C:\distrib\OpenCVfon\fon2\x64\Debug\fon2.obj
C:\distrib\OpenCVfon\fon2\x64\Debug\stdafx.obj
C:\distrib\OpenCVfon\fon2\x64\Debug\fon2.ilk
C:\distrib\OpenCVfon\fon2\x64\Debug\cl.command.1.tlog
C:\distrib\OpenCVfon\fon2\x64\Debug\CL.read.1.tlog
C:\distrib\OpenCVfon\fon2\x64\Debug\CL.write.1.tlog
C:\distrib\OpenCVfon\fon2\x64\Debug\link-cvtres.read.1.tlog
C:\distrib\OpenCVfon\fon2\x64\Debug\link-cvtres.write.1.tlog
C:\distrib\OpenCVfon\fon2\x64\Debug\link-rc.read.1.tlog
C:\distrib\OpenCVfon\fon2\x64\Debug\link-rc.write.1.tlog
C:\distrib\OpenCVfon\fon2\x64\Debug\link.3128-cvtres.read.1.tlog
C:\distrib\OpenCVfon\fon2\x64\Debug\link.3128-cvtres.write.1.tlog
C:\distrib\OpenCVfon\fon2\x64\Debug\link.3128-rc.read.1.tlog
C:\distrib\OpenCVfon\fon2\x64\Debug\link.3128-rc.write.1.tlog
C:\distrib\OpenCVfon\fon2\x64\Debug\link.3128.read.1.tlog
C:\distrib\OpenCVfon\fon2\x64\Debug\link.3128.write.1.tlog
C:\distrib\OpenCVfon\fon2\x64\Debug\link.command.1.tlog
C:\distrib\OpenCVfon\fon2\x64\Debug\link.read.1.tlog
C:\distrib\OpenCVfon\fon2\x64\Debug\link.write.1.tlog
C:\distrib\OpenCVfon\fon2\x64\Debug\fon2.pch
C:\distrib\OpenCVfon\fon2\x64\Debug\vc110.idb
C:\distrib\OpenCVfon\fon2\x64\Debug\fon2.pdb
C:\distrib\OpenCVfon\fon2\x64\Debug\vc110.pdb
C:\distrib\OpenCVfon\fon2\x64\Debug\fon2.exe
